<?xml version="1.0" encoding="UTF-8"?>
<!-- Generated by org.testng.reporters.JUnitXMLReporter -->
<testsuite ignored="2" hostname="Priyanka" failures="0" tests="1" name="Default test" time="3.616" errors="0" timestamp="2025-11-19T22:31:29 IST">
  <testcase classname="com.RestAPITest.AuthorizationTypes" name="testBearerToken" time="3.545"/>
  <testcase classname="com.RestAPITest.AuthorizationTypes" name="testBasicAuth" time="0.0">
    <ignored/>
  </testcase> <!-- testBasicAuth -->
  <testcase classname="com.RestAPITest.AuthorizationTypes" name="digestAuth" time="0.0">
    <ignored/>
  </testcase> <!-- digestAuth -->
</testsuite> <!-- Default test -->
