<?xml version="1.0" encoding="UTF-8"?>
<!-- Generated by org.testng.reporters.JUnitXMLReporter -->
<testsuite ignored="3" hostname="Priyanka" failures="0" tests="1" name="Default test" time="4.091" errors="0" timestamp="2025-11-20T20:56:31 IST">
  <testcase classname="com.RestAPITest.AuthorizationTypes" name="testOAuth2" time="4.022"/>
  <testcase classname="com.RestAPITest.AuthorizationTypes" name="testBearerToken" time="0.0">
    <ignored/>
  </testcase> <!-- testBearerToken -->
  <testcase classname="com.RestAPITest.AuthorizationTypes" name="testBasicAuth" time="0.0">
    <ignored/>
  </testcase> <!-- testBasicAuth -->
  <testcase classname="com.RestAPITest.AuthorizationTypes" name="digestAuth" time="0.0">
    <ignored/>
  </testcase> <!-- digestAuth -->
</testsuite> <!-- Default test -->
