<?xml version="1.0" encoding="UTF-8"?>
<testng-results ignored="0" total="1" passed="1" failed="0" skipped="0">
  <reporter-output>
  </reporter-output>
  <suite started-at="2025-11-27T22:32:48 IST" name="Default suite" finished-at="2025-11-27T22:33:16 IST" duration-ms="27674">
    <groups>
    </groups>
    <test started-at="2025-11-27T22:32:48 IST" name="Default test" finished-at="2025-11-27T22:33:16 IST" duration-ms="27674">
      <class name="com.MobileAppTest.Scenarios.Tc_15_AppicationCommands">
        <test-method signature="testAppCommands()[pri:0, instance:com.MobileAppTest.Scenarios.Tc_15_AppicationCommands@747ddf94]" started-at="2025-11-27T22:32:48 IST" name="testAppCommands" finished-at="2025-11-27T22:33:16 IST" duration-ms="27592" status="PASS">
          <reporter-output>
          </reporter-output>
        </test-method> <!-- testAppCommands -->
      </class> <!-- com.MobileAppTest.Scenarios.Tc_15_AppicationCommands -->
    </test> <!-- Default test -->
  </suite> <!-- Default suite -->
</testng-results>
