<?xml version="1.0" encoding="UTF-8"?>
<testng-results ignored="3" total="4" passed="1" failed="0" skipped="0">
  <reporter-output>
  </reporter-output>
  <suite started-at="2025-11-20T20:56:27 IST" name="Default suite" finished-at="2025-11-20T20:56:31 IST" duration-ms="4091">
    <groups>
    </groups>
    <test started-at="2025-11-20T20:56:27 IST" name="Default test" finished-at="2025-11-20T20:56:31 IST" duration-ms="4091">
      <class name="com.RestAPITest.AuthorizationTypes">
        <test-method signature="testOAuth2()[pri:0, instance:com.RestAPITest.AuthorizationTypes@31304f14]" started-at="2025-11-20T20:56:27 IST" name="testOAuth2" finished-at="2025-11-20T20:56:31 IST" duration-ms="4022" status="PASS">
          <reporter-output>
          </reporter-output>
        </test-method> <!-- testOAuth2 -->
      </class> <!-- com.RestAPITest.AuthorizationTypes -->
    </test> <!-- Default test -->
  </suite> <!-- Default suite -->
</testng-results>
