<?xml version="1.0" encoding="UTF-8"?>
<!-- Generated by org.testng.reporters.JUnitReportReporter -->
<testsuite hostname="Priyanka" failures="0" tests="1" name="com.MobileAppTest.Scenarios.Tc_12_ToggelWifiDataAirplaneMode" time="12.962" errors="0" timestamp="2025-11-27T21:55:10 IST" skipped="0">
  <testcase classname="com.MobileAppTest.Scenarios.Tc_12_ToggelWifiDataAirplaneMode" name="testNetworkSetup" time="12.962"/>
</testsuite> <!-- com.MobileAppTest.Scenarios.Tc_12_ToggelWifiDataAirplaneMode -->
