<?xml version="1.0" encoding="UTF-8"?>
<!-- Generated by org.testng.reporters.JUnitReportReporter -->
<testsuite hostname="Priyanka" failures="0" tests="1" name="com.MobileAppTest.Scenarios.Tc_9_DriverSessionWithAppPackageActivity" time="11.088" errors="0" timestamp="2025-11-27T20:50:28 IST" skipped="0">
  <testcase classname="com.MobileAppTest.Scenarios.Tc_9_DriverSessionWithAppPackageActivity" name="testSession" time="11.088"/>
</testsuite> <!-- com.MobileAppTest.Scenarios.Tc_9_DriverSessionWithAppPackageActivity -->
