<?xml version="1.0" encoding="UTF-8"?>
<!-- Generated by org.testng.reporters.JUnitReportReporter -->
<testsuite hostname="Priyanka" failures="0" tests="1" name="com.MobileTest.DriverSessions.DriverSessionUsingUiautomator2OptionsClass" time="25.323" errors="0" timestamp="2025-11-25T21:51:40 IST" skipped="0">
  <testcase classname="com.MobileTest.DriverSessions.DriverSessionUsingUiautomator2OptionsClass" name="testDriverSession" time="25.323"/>
</testsuite> <!-- com.MobileTest.DriverSessions.DriverSessionUsingUiautomator2OptionsClass -->
