<?xml version="1.0" encoding="UTF-8"?>
<!-- Generated by org.testng.reporters.JUnitReportReporter -->
<testsuite hostname="Priyanka" failures="0" tests="1" name="com.MobileTest.DriverSessions.DriverSessionWithDesiredCapabilitiesClass" time="24.266" errors="0" timestamp="2025-11-25T21:41:37 IST" skipped="0">
  <testcase classname="com.MobileTest.DriverSessions.DriverSessionWithDesiredCapabilitiesClass" name="testDriverSession" time="24.266"/>
</testsuite> <!-- com.MobileTest.DriverSessions.DriverSessionWithDesiredCapabilitiesClass -->
