<?xml version="1.0" encoding="UTF-8"?>
<!-- Generated by org.testng.reporters.JUnitReportReporter -->
<testsuite hostname="Priyanka" failures="0" tests="2" name="com.RestAPITest.Tc2_ReqresTest_NonBDD" time="3.933" errors="0" timestamp="2025-11-18T21:22:23 IST" skipped="0">
  <testcase classname="com.RestAPITest.Tc2_ReqresTest_NonBDD" name="testSingleUser" time="3.655"/>
  <testcase classname="com.RestAPITest.Tc2_ReqresTest_NonBDD" name="testListOfUsers" time="0.278"/>
</testsuite> <!-- com.RestAPITest.Tc2_ReqresTest_NonBDD -->
