<?xml version="1.0" encoding="UTF-8"?>
<!-- Generated by org.testng.reporters.JUnitReportReporter -->
<testsuite hostname="Priyanka" failures="0" tests="5" name="com.RestAPITest.Tc5_APIChaining" time="10.490" errors="0" timestamp="2025-11-19T21:11:50 IST" skipped="0">
  <testcase classname="com.RestAPITest.Tc5_APIChaining" name="createNewBooking" time="5.675"/>
  <testcase classname="com.RestAPITest.Tc5_APIChaining" name="getBookingDetails" time="1.221"/>
  <testcase classname="com.RestAPITest.Tc5_APIChaining" name="createToken" time="1.247"/>
  <testcase classname="com.RestAPITest.Tc5_APIChaining" name="fullUpdateBooking" time="1.223"/>
  <testcase classname="com.RestAPITest.Tc5_APIChaining" name="deleteBooking" time="1.124"/>
</testsuite> <!-- com.RestAPITest.Tc5_APIChaining -->
